Compiling the CXX compiler identification source file "CMakeCXXCompilerId.cpp" failed.
Compiler: /Applications/Xcode.app/Contents/Developer/Toolchains/XcodeDefault.xctoolchain/usr/bin/c++ 
Build flags: -fstack-protector-all;-fsanitize=address
Id flags:  

The output was:
1
ld: library not found for -lc++
clang: error: linker command failed with exit code 1 (use -v to see invocation)


Determining if the ppoll exist failed with the following output:
Change Dir: /Users/jomof/projects/binja/debug-build/CMakeFiles/CMakeTmp

Run Build Command(s):/usr/bin/make -f Makefile cmTC_e48a3/fast && /Applications/Xcode.app/Contents/Developer/usr/bin/make  -f CMakeFiles/cmTC_e48a3.dir/build.make CMakeFiles/cmTC_e48a3.dir/build
Building CXX object CMakeFiles/cmTC_e48a3.dir/CheckSymbolExists.cxx.o
/Applications/Xcode.app/Contents/Developer/Toolchains/XcodeDefault.xctoolchain/usr/bin/c++   -fstack-protector-all -fsanitize=address  -isysroot /Applications/Xcode.app/Contents/Developer/Platforms/MacOSX.platform/Developer/SDKs/MacOSX13.3.sdk -MD -MT CMakeFiles/cmTC_e48a3.dir/CheckSymbolExists.cxx.o -MF CMakeFiles/cmTC_e48a3.dir/CheckSymbolExists.cxx.o.d -o CMakeFiles/cmTC_e48a3.dir/CheckSymbolExists.cxx.o -c /Users/jomof/projects/binja/debug-build/CMakeFiles/CMakeTmp/CheckSymbolExists.cxx
/Users/jomof/projects/binja/debug-build/CMakeFiles/CMakeTmp/CheckSymbolExists.cxx:8:19: error: use of undeclared identifier 'ppoll'; did you mean 'poll'?
  return ((int*)(&ppoll))[argc];
                  ^~~~~
                  poll
/Applications/Xcode.app/Contents/Developer/Platforms/MacOSX.platform/Developer/SDKs/MacOSX13.3.sdk/usr/include/sys/poll.h:113:12: note: 'poll' declared here
extern int poll(struct pollfd *, nfds_t, int) __DARWIN_ALIAS_C(poll);
           ^
1 error generated.
make[1]: *** [CMakeFiles/cmTC_e48a3.dir/CheckSymbolExists.cxx.o] Error 1
make: *** [cmTC_e48a3/fast] Error 2


File /Users/jomof/projects/binja/debug-build/CMakeFiles/CMakeTmp/CheckSymbolExists.cxx:
/* */
#include <poll.h>

int main(int argc, char** argv)
{
  (void)argv;
#ifndef ppoll
  return ((int*)(&ppoll))[argc];
#else
  (void)argc;
  return 0;
#endif
}
